<?xml version="1.0" encoding="UTF-8"?>
<Site BuildName="(empty)"
	BuildStamp="20231120-0200-Experimental"
	Name="(empty)"
	Generator="ctest-3.10.2"
	CompilerName=""
	CompilerVersion=""
	OSName="Linux"
	Hostname="oslab-SYS-5049A-T"
	OSRelease="5.4.0-150-generic"
	OSVersion="#167~18.04.1-Ubuntu SMP Wed May 24 00:51:42 UTC 2023"
	OSPlatform="x86_64"
	Is64Bits="1"
	VendorString="GenuineIntel"
	VendorID="Intel Corporation"
	FamilyID="6"
	ModelID="85"
	ProcessorCacheSize="11264"
	NumberOfLogicalCPU="16"
	NumberOfPhysicalCPU="8"
	TotalVirtualMemory="2047"
	TotalPhysicalMemory="63959"
	LogicalProcessorsPerPhysical="2"
	ProcessorClockFrequency="1417"
	>
	<Testing>
		<StartDateTime>Nov 20 14:37 CST</StartDateTime>
		<StartTestTime>1700462229</StartTestTime>
		<TestList/>
		<EndDateTime>Nov 20 14:37 CST</EndDateTime>
		<EndTestTime>1700462229</EndTestTime>
		<ElapsedMinutes>0</ElapsedMinutes>
	</Testing>
</Site>
